<?xml version="1.0" encoding="UTF-8"?>
<!-- Generated by org.testng.reporters.JUnitReportReporter -->
<testsuite skipped="0" hostname="DESKTOP-A7UTQL6" name="com.mycart.testCases.TC_LoginTest_001" tests="1" failures="0" timestamp="30 Apr 2022 17:52:38 GMT" time="7.727" errors="0">
  <testcase name="loginTest" time="7.727" classname="com.mycart.testCases.TC_LoginTest_001"/>
</testsuite> <!-- com.mycart.testCases.TC_LoginTest_001 -->
